Cache Settings
--------------
L1 (C,B,S): (10,6,1). Replace policy: MIP
L2 disabled

Cache Statistics
----------------
Reads: 315500
Writes: 184500

L1 accesses: 500000
L1 hits: 407045
L1 misses: 92955
L1 hit ratio: 0.814
L1 miss ratio: 0.186
L1 average access time (AAT): 17.073
Write-backs from L1: 35291

L2 reads: 92955
L2 writes: 35291
L2 read hits: 0
L2 read misses: 92955
L2 read hit ratio: 0.000
L2 read miss ratio: 1.000
L2 average access time (AAT): 80.000

L2 prefetches issued: 0
L2 prefetch hits: 0
L2 prefetch misses: 0
