Cache Settings
--------------
L1 (C,B,S): (10,6,1). Replace policy: MIP
L2 (C,B,S): (15,6,3). Replace policy: LIP. Prefetch algo: Hybrid. Prefetch row count: 100

Cache Statistics
----------------
Reads: 494452
Writes: 5548

L1 accesses: 500000
L1 hits: 332230
L1 misses: 167770
L1 hit ratio: 0.664
L1 miss ratio: 0.336
L1 average access time (AAT): 19.318
Write-backs from L1: 1521

L2 reads: 167770
L2 writes: 1521
L2 read hits: 82591
L2 read misses: 85179
L2 read hit ratio: 0.492
L2 read miss ratio: 0.508
L2 average access time (AAT): 51.017

L2 prefetches issued: 61259
L2 prefetch hits: 34462
L2 prefetch misses: 26772
