Cache Settings
--------------
L1 (C,B,S): (10,6,1). Replace policy: MIP
L2 (C,B,S): (15,6,3). Replace policy: LIP. Prefetch algo: +1. Prefetch row count: 0

Cache Statistics
----------------
Reads: 482548
Writes: 17452

L1 accesses: 500000
L1 hits: 257287
L1 misses: 242713
L1 hit ratio: 0.515
L1 miss ratio: 0.485
L1 average access time (AAT): 35.831
Write-backs from L1: 4922

L2 reads: 242713
L2 writes: 4922
L2 read hits: 64075
L2 read misses: 178638
L2 read hit ratio: 0.264
L2 read miss ratio: 0.736
L2 average access time (AAT): 69.280

L2 prefetches issued: 147036
L2 prefetch hits: 368
L2 prefetch misses: 146643
