Cache Settings
--------------
L1 (C,B,S): (10,6,1). Replace policy: MIP
L2 (C,B,S): (15,6,3). Replace policy: LIP. Prefetch algo: None. Prefetch row count: 0

Cache Statistics
----------------
Reads: 352008
Writes: 147992

L1 accesses: 500000
L1 hits: 456700
L1 misses: 43300
L1 hit ratio: 0.913
L1 miss ratio: 0.087
L1 average access time (AAT): 3.208
Write-backs from L1: 9854

L2 reads: 43300
L2 writes: 9854
L2 read hits: 42631
L2 read misses: 669
L2 read hit ratio: 0.985
L2 read miss ratio: 0.015
L2 average access time (AAT): 11.636

L2 prefetches issued: 0
L2 prefetch hits: 0
L2 prefetch misses: 0
